  glad.c
D:\Projects\Visual Studio\GraphicsProgramming\src\glad.c(277,16): error C2061: syntax error: identifier 'glad_glAccum'
D:\Projects\Visual Studio\GraphicsProgramming\src\glad.c(277,16): error C2059: syntax error: ';'
D:\Projects\Visual Studio\GraphicsProgramming\src\glad.c(277,29): error C2513: ' ': no variable declared before '='
D:\Projects\Visual Studio\GraphicsProgramming\src\glad.c(280,20): error C2061: syntax error: identifier 'glad_glAlphaFunc'
D:\Projects\Visual Studio\GraphicsProgramming\src\glad.c(280,20): error C2059: syntax error: ';'
D:\Projects\Visual Studio\GraphicsProgramming\src\glad.c(280,37): error C2513: ' ': no variable declared before '='
D:\Projects\Visual Studio\GraphicsProgramming\src\glad.c(281,30): error C2061: syntax error: identifier 'glad_glAreTexturesResident'
D:\Projects\Visual Studio\GraphicsProgramming\src\glad.c(281,30): error C2059: syntax error: ';'
D:\Projects\Visual Studio\GraphicsProgramming\src\glad.c(281,57): error C2513: ' ': no variable declared before '='
D:\Projects\Visual Studio\GraphicsProgramming\src\glad.c(282,23): error C2061: syntax error: identifier 'glad_glArrayElement'
D:\Projects\Visual Studio\GraphicsProgramming\src\glad.c(282,23): error C2059: syntax error: ';'
D:\Projects\Visual Studio\GraphicsProgramming\src\glad.c(282,43): error C2513: ' ': no variable declared before '='
D:\Projects\Visual Studio\GraphicsProgramming\src\glad.c(284,16): error C2061: syntax error: identifier 'glad_glBegin'
D:\Projects\Visual Studio\GraphicsProgramming\src\glad.c(284,16): error C2059: syntax error: ';'
D:\Projects\Visual Studio\GraphicsProgramming\src\glad.c(284,29): error C2513: ' ': no variable declared before '='
D:\Projects\Visual Studio\GraphicsProgramming\src\glad.c(311,17): error C2061: syntax error: identifier 'glad_glBitmap'
D:\Projects\Visual Studio\GraphicsProgramming\src\glad.c(311,17): error C2059: syntax error: ';'
D:\Projects\Visual Studio\GraphicsProgramming\src\glad.c(311,31): error C2513: ' ': no variable declared before '='
D:\Projects\Visual Studio\GraphicsProgramming\src\glad.c(326,19): error C2061: syntax error: identifier 'glad_glCallList'
D:\Projects\Visual Studio\GraphicsProgramming\src\glad.c(326,19): error C2059: syntax error: ';'
D:\Projects\Visual Studio\GraphicsProgramming\src\glad.c(326,35): error C2513: ' ': no variable declared before '='
D:\Projects\Visual Studio\GraphicsProgramming\src\glad.c(327,20): error C2061: syntax error: identifier 'glad_glCallLists'
D:\Projects\Visual Studio\GraphicsProgramming\src\glad.c(327,20): error C2059: syntax error: ';'
D:\Projects\Visual Studio\GraphicsProgramming\src\glad.c(327,37): error C2513: ' ': no variable declared before '='
D:\Projects\Visual Studio\GraphicsProgramming\src\glad.c(332,21): error C2061: syntax error: identifier 'glad_glClearAccum'
D:\Projects\Visual Studio\GraphicsProgramming\src\glad.c(332,21): error C2059: syntax error: ';'
D:\Projects\Visual Studio\GraphicsProgramming\src\glad.c(332,39): error C2513: ' ': no variable declared before '='
D:\Projects\Visual Studio\GraphicsProgramming\src\glad.c(342,21): error C2061: syntax error: identifier 'glad_glClearIndex'
D:\Projects\Visual Studio\GraphicsProgramming\src\glad.c(342,21): error C2059: syntax error: ';'
D:\Projects\Visual Studio\GraphicsProgramming\src\glad.c(342,39): error C2513: ' ': no variable declared before '='
D:\Projects\Visual Studio\GraphicsProgramming\src\glad.c(352,30): error C2061: syntax error: identifier 'glad_glClientActiveTexture'
D:\Projects\Visual Studio\GraphicsProgramming\src\glad.c(352,30): error C2059: syntax error: ';'
D:\Projects\Visual Studio\GraphicsProgramming\src\glad.c(352,57): error C2513: ' ': no variable declared before '='
D:\Projects\Visual Studio\GraphicsProgramming\src\glad.c(355,20): error C2061: syntax error: identifier 'glad_glClipPlane'
D:\Projects\Visual Studio\GraphicsProgramming\src\glad.c(355,20): error C2059: syntax error: ';'
D:\Projects\Visual Studio\GraphicsProgramming\src\glad.c(355,37): error C2513: ' ': no variable declared before '='
D:\Projects\Visual Studio\GraphicsProgramming\src\glad.c(356,18): error C2061: syntax error: identifier 'glad_glColor3b'
D:\Projects\Visual Studio\GraphicsProgramming\src\glad.c(356,18): error C2059: syntax error: ';'
D:\Projects\Visual Studio\GraphicsProgramming\src\glad.c(356,33): error C2513: ' ': no variable declared before '='
D:\Projects\Visual Studio\GraphicsProgramming\src\glad.c(357,19): error C2061: syntax error: identifier 'glad_glColor3bv'
D:\Projects\Visual Studio\GraphicsProgramming\src\glad.c(357,19): error C2059: syntax error: ';'
D:\Projects\Visual Studio\GraphicsProgramming\src\glad.c(357,35): error C2513: ' ': no variable declared before '='
D:\Projects\Visual Studio\GraphicsProgramming\src\glad.c(358,18): error C2061: syntax error: identifier 'glad_glColor3d'
D:\Projects\Visual Studio\GraphicsProgramming\src\glad.c(358,18): error C2059: syntax error: ';'
D:\Projects\Visual Studio\GraphicsProgramming\src\glad.c(358,33): error C2513: ' ': no variable declared before '='
D:\Projects\Visual Studio\GraphicsProgramming\src\glad.c(359,19): error C2061: syntax error: identifier 'glad_glColor3dv'
D:\Projects\Visual Studio\GraphicsProgramming\src\glad.c(359,19): error C2059: syntax error: ';'
D:\Projects\Visual Studio\GraphicsProgramming\src\glad.c(359,35): error C2513: ' ': no variable declared before '='
D:\Projects\Visual Studio\GraphicsProgramming\src\glad.c(360,18): error C2061: syntax error: identifier 'glad_glColor3f'
D:\Projects\Visual Studio\GraphicsProgramming\src\glad.c(360,18): error C2059: syntax error: ';'
D:\Projects\Visual Studio\GraphicsProgramming\src\glad.c(360,33): error C2513: ' ': no variable declared before '='
D:\Projects\Visual Studio\GraphicsProgramming\src\glad.c(361,19): error C2061: syntax error: identifier 'glad_glColor3fv'
D:\Projects\Visual Studio\GraphicsProgramming\src\glad.c(361,19): error C2059: syntax error: ';'
D:\Projects\Visual Studio\GraphicsProgramming\src\glad.c(361,35): error C2513: ' ': no variable declared before '='
D:\Projects\Visual Studio\GraphicsProgramming\src\glad.c(362,18): error C2061: syntax error: identifier 'glad_glColor3i'
D:\Projects\Visual Studio\GraphicsProgramming\src\glad.c(362,18): error C2059: syntax error: ';'
D:\Projects\Visual Studio\GraphicsProgramming\src\glad.c(362,33): error C2513: ' ': no variable declared before '='
D:\Projects\Visual Studio\GraphicsProgramming\src\glad.c(363,19): error C2061: syntax error: identifier 'glad_glColor3iv'
D:\Projects\Visual Studio\GraphicsProgramming\src\glad.c(363,19): error C2059: syntax error: ';'
D:\Projects\Visual Studio\GraphicsProgramming\src\glad.c(363,35): error C2513: ' ': no variable declared before '='
D:\Projects\Visual Studio\GraphicsProgramming\src\glad.c(364,18): error C2061: syntax error: identifier 'glad_glColor3s'
D:\Projects\Visual Studio\GraphicsProgramming\src\glad.c(364,18): error C2059: syntax error: ';'
D:\Projects\Visual Studio\GraphicsProgramming\src\glad.c(364,33): error C2513: ' ': no variable declared before '='
D:\Projects\Visual Studio\GraphicsProgramming\src\glad.c(365,19): error C2061: syntax error: identifier 'glad_glColor3sv'
D:\Projects\Visual Studio\GraphicsProgramming\src\glad.c(365,19): error C2059: syntax error: ';'
D:\Projects\Visual Studio\GraphicsProgramming\src\glad.c(365,35): error C2513: ' ': no variable declared before '='
D:\Projects\Visual Studio\GraphicsProgramming\src\glad.c(366,19): error C2061: syntax error: identifier 'glad_glColor3ub'
D:\Projects\Visual Studio\GraphicsProgramming\src\glad.c(366,19): error C2059: syntax error: ';'
D:\Projects\Visual Studio\GraphicsProgramming\src\glad.c(366,35): error C2513: ' ': no variable declared before '='
D:\Projects\Visual Studio\GraphicsProgramming\src\glad.c(367,20): error C2061: syntax error: identifier 'glad_glColor3ubv'
D:\Projects\Visual Studio\GraphicsProgramming\src\glad.c(367,20): error C2059: syntax error: ';'
D:\Projects\Visual Studio\GraphicsProgramming\src\glad.c(367,37): error C2513: ' ': no variable declared before '='
D:\Projects\Visual Studio\GraphicsProgramming\src\glad.c(368,19): error C2061: syntax error: identifier 'glad_glColor3ui'
D:\Projects\Visual Studio\GraphicsProgramming\src\glad.c(368,19): error C2059: syntax error: ';'
D:\Projects\Visual Studio\GraphicsProgramming\src\glad.c(368,35): error C2513: ' ': no variable declared before '='
D:\Projects\Visual Studio\GraphicsProgramming\src\glad.c(369,20): error C2061: syntax error: identifier 'glad_glColor3uiv'
D:\Projects\Visual Studio\GraphicsProgramming\src\glad.c(369,20): error C2059: syntax error: ';'
D:\Projects\Visual Studio\GraphicsProgramming\src\glad.c(369,37): error C2513: ' ': no variable declared before '='
D:\Projects\Visual Studio\GraphicsProgramming\src\glad.c(370,19): error C2061: syntax error: identifier 'glad_glColor3us'
D:\Projects\Visual Studio\GraphicsProgramming\src\glad.c(370,19): error C2059: syntax error: ';'
D:\Projects\Visual Studio\GraphicsProgramming\src\glad.c(370,35): error C2513: ' ': no variable declared before '='
D:\Projects\Visual Studio\GraphicsProgramming\src\glad.c(371,20): error C2061: syntax error: identifier 'glad_glColor3usv'
D:\Projects\Visual Studio\GraphicsProgramming\src\glad.c(371,20): error C2059: syntax error: ';'
D:\Projects\Visual Studio\GraphicsProgramming\src\glad.c(371,37): error C2513: ' ': no variable declared before '='
D:\Projects\Visual Studio\GraphicsProgramming\src\glad.c(372,18): error C2061: syntax error: identifier 'glad_glColor4b'
D:\Projects\Visual Studio\GraphicsProgramming\src\glad.c(372,18): error C2059: syntax error: ';'
D:\Projects\Visual Studio\GraphicsProgramming\src\glad.c(372,33): error C2513: ' ': no variable declared before '='
D:\Projects\Visual Studio\GraphicsProgramming\src\glad.c(373,19): error C2061: syntax error: identifier 'glad_glColor4bv'
D:\Projects\Visual Studio\GraphicsProgramming\src\glad.c(373,19): error C2059: syntax error: ';'
D:\Projects\Visual Studio\GraphicsProgramming\src\glad.c(373,35): error C2513: ' ': no variable declared before '='
D:\Projects\Visual Studio\GraphicsProgramming\src\glad.c(374,18): error C2061: syntax error: identifier 'glad_glColor4d'
D:\Projects\Visual Studio\GraphicsProgramming\src\glad.c(374,18): error C2059: syntax error: ';'
D:\Projects\Visual Studio\GraphicsProgramming\src\glad.c(374,33): error C2513: ' ': no variable declared before '='
D:\Projects\Visual Studio\GraphicsProgramming\src\glad.c(375,19): error C2061: syntax error: identifier 'glad_glColor4dv'
D:\Projects\Visual Studio\GraphicsProgramming\src\glad.c(375,19): error C2059: syntax error: ';'
D:\Projects\Visual Studio\GraphicsProgramming\src\glad.c(375,35): error C2513: ' ': no variable declared before '='
D:\Projects\Visual Studio\GraphicsProgramming\src\glad.c(376,18): error C2061: syntax error: identifier 'glad_glColor4f'
D:\Projects\Visual Studio\GraphicsProgramming\src\glad.c(376,18): error C2059: syntax error: ';'
D:\Projects\Visual Studio\GraphicsProgramming\src\glad.c(376,33): error C2513: ' ': no variable declared before '='
D:\Projects\Visual Studio\GraphicsProgramming\src\glad.c(377,19): error C2061: syntax error: identifier 'glad_glColor4fv'
D:\Projects\Visual Studio\GraphicsProgramming\src\glad.c(377,19): error C2059: syntax error: ';'
D:\Projects\Visual Studio\GraphicsProgramming\src\glad.c(377,19): error C1003: error count exceeds 100; stopping compilation
